LoginRegister/app/build/intermediates/manifest_merge_blame_file/debug/manifest-merger-blame-debug-report.txt
1<?xml version="1.0" encoding="utf-8"?>
2<manifest xmlns:android="http://schemas.android.com/apk/res/android"
3    package="com.example.loginregister"
4    android:versionCode="1"
5    android:versionName="1.0" >
6
7    <uses-sdk
8        android:minSdkVersion="21"
8-->src\main\AndroidManifest.xml
9        android:targetSdkVersion="32" />
9-->src\main\AndroidManifest.xml
10
11    <uses-permission android:name="android.permission.ACCESS_FINE_LOCATION" />
11-->src\main\AndroidManifest.xml:5:5-79
11-->src\main\AndroidManifest.xml:5:22-76
12    <uses-permission android:name="android.permission.ACCESS_COARSE_LOCATION" />
12-->src\main\AndroidManifest.xml:6:5-81
12-->src\main\AndroidManifest.xml:6:22-78
13    <uses-permission android:name="android.permission.INTERNET" />
13-->src\main\AndroidManifest.xml:7:5-67
13-->src\main\AndroidManifest.xml:7:22-64
14    <uses-permission android:name="android.permission.ACCESS_NETWORK_STATE" />
14-->src\main\AndroidManifest.xml:8:5-79
14-->src\main\AndroidManifest.xml:8:22-76
15    <uses-permission android:name="android.permission.CAMERA" />
15-->src\main\AndroidManifest.xml:9:5-65
15-->src\main\AndroidManifest.xml:9:22-62
16
17    <uses-feature
17-->[com.google.android.gms:play-services-maps:18.1.0] AndroidManifest.xml:26:5-28:35
18        android:glEsVersion="0x00020000"
18-->[com.google.android.gms:play-services-maps:18.1.0] AndroidManifest.xml:27:9-41
19        android:required="true" />
19-->[com.google.android.gms:play-services-maps:18.1.0] AndroidManifest.xml:28:9-32
20
21    <queries>
21-->[com.google.android.gms:play-services-maps:18.1.0] AndroidManifest.xml:30:5-34:15
22
23        <!-- Needs to be explicitly declared on Android R+ -->
24        <package android:name="com.google.android.apps.maps" />
24-->[com.google.android.gms:play-services-maps:18.1.0] AndroidManifest.xml:33:9-64
24-->[com.google.android.gms:play-services-maps:18.1.0] AndroidManifest.xml:33:18-61
25    </queries>
26
27    <application
27-->src\main\AndroidManifest.xml:11:5-145:19
28        android:allowBackup="true"
28-->src\main\AndroidManifest.xml:12:9-35
29        android:appComponentFactory="androidx.core.app.CoreComponentFactory"
29-->[androidx.core:core:1.7.0] AndroidManifest.xml:24:18-86
30        android:dataExtractionRules="@xml/data_extraction_rules"
30-->src\main\AndroidManifest.xml:13:9-65
31        android:debuggable="true"
32        android:fullBackupContent="@xml/backup_rules"
32-->src\main\AndroidManifest.xml:14:9-54
33        android:icon="@mipmap/ic_launcher"
33-->src\main\AndroidManifest.xml:15:9-43
34        android:label="@string/app_name"
34-->src\main\AndroidManifest.xml:16:9-41
35        android:roundIcon="@mipmap/ic_launcher_round"
35-->src\main\AndroidManifest.xml:17:9-54
36        android:supportsRtl="true"
36-->src\main\AndroidManifest.xml:18:9-35
37        android:theme="@style/Theme.LoginRegister" >
37-->src\main\AndroidManifest.xml:19:9-51
38        <activity
38-->src\main\AndroidManifest.xml:21:9-27:20
39            android:name="com.example.loginregister.UserAdapter"
39-->src\main\AndroidManifest.xml:22:13-40
40            android:exported="false" >
40-->src\main\AndroidManifest.xml:23:13-37
41            <meta-data
41-->src\main\AndroidManifest.xml:24:13-26:36
42                android:name="android.app.lib_name"
42-->src\main\AndroidManifest.xml:25:17-52
43                android:value="" />
43-->src\main\AndroidManifest.xml:26:17-33
44        </activity>
45        <activity
45-->src\main\AndroidManifest.xml:28:9-34:20
46            android:name="com.example.loginregister.MatchProfiles"
46-->src\main\AndroidManifest.xml:29:13-42
47            android:exported="false" >
47-->src\main\AndroidManifest.xml:30:13-37
48            <meta-data
48-->src\main\AndroidManifest.xml:24:13-26:36
49                android:name="android.app.lib_name"
49-->src\main\AndroidManifest.xml:25:17-52
50                android:value="" />
50-->src\main\AndroidManifest.xml:26:17-33
51        </activity>
52        <activity
52-->src\main\AndroidManifest.xml:35:9-41:20
53            android:name="com.example.loginregister.AddJobDetails"
53-->src\main\AndroidManifest.xml:36:13-42
54            android:exported="false" >
54-->src\main\AndroidManifest.xml:37:13-37
55            <meta-data
55-->src\main\AndroidManifest.xml:24:13-26:36
56                android:name="android.app.lib_name"
56-->src\main\AndroidManifest.xml:25:17-52
57                android:value="" />
57-->src\main\AndroidManifest.xml:26:17-33
58        </activity>
59        <activity
59-->src\main\AndroidManifest.xml:42:9-49:20
60            android:name="com.example.loginregister.AccountActivity"
60-->src\main\AndroidManifest.xml:43:13-44
61            android:exported="false"
61-->src\main\AndroidManifest.xml:44:13-37
62            android:parentActivityName="com.example.loginregister.ClientMenuActivity" >
62-->src\main\AndroidManifest.xml:45:13-61
63            <meta-data
63-->src\main\AndroidManifest.xml:24:13-26:36
64                android:name="android.app.lib_name"
64-->src\main\AndroidManifest.xml:25:17-52
65                android:value="" />
65-->src\main\AndroidManifest.xml:26:17-33
66        </activity>
67        <activity
67-->src\main\AndroidManifest.xml:50:9-56:20
68            android:name="com.example.loginregister.Profiles"
68-->src\main\AndroidManifest.xml:51:13-37
69            android:exported="false" >
69-->src\main\AndroidManifest.xml:52:13-37
70            <meta-data
70-->src\main\AndroidManifest.xml:24:13-26:36
71                android:name="android.app.lib_name"
71-->src\main\AndroidManifest.xml:25:17-52
72                android:value="" />
72-->src\main\AndroidManifest.xml:26:17-33
73        </activity>
74        <activity
74-->src\main\AndroidManifest.xml:57:9-63:20
75            android:name="com.example.loginregister.PetProfile"
75-->src\main\AndroidManifest.xml:58:13-39
76            android:exported="false" >
76-->src\main\AndroidManifest.xml:59:13-37
77            <meta-data
77-->src\main\AndroidManifest.xml:24:13-26:36
78                android:name="android.app.lib_name"
78-->src\main\AndroidManifest.xml:25:17-52
79                android:value="" />
79-->src\main\AndroidManifest.xml:26:17-33
80        </activity>
81        <!--
82             TODO: Before you run your application, you need a Google Maps API key.
83
84             To get one, follow the directions here:
85
86                https://developers.google.com/maps/documentation/android-sdk/get-api-key
87
88             Once you have your API key (it starts with "AIza"), define a new property in your
89             project's local.properties file (e.g. MAPS_API_KEY=Aiza...), and replace the
90             "YOUR_API_KEY" string in this file with "${MAPS_API_KEY}".
91        -->
92        <meta-data
92-->src\main\AndroidManifest.xml:75:9-77:71
93            android:name="com.google.android.geo.API_KEY"
93-->src\main\AndroidManifest.xml:76:13-58
94            android:value="AIzaSyBOMs-1F1Nlr3jFj_LrEC1VPhq5YQEndfI" />
94-->src\main\AndroidManifest.xml:77:13-68
95
96        <activity
96-->src\main\AndroidManifest.xml:79:9-85:20
97            android:name="com.example.loginregister.ClientMenuActivity"
97-->src\main\AndroidManifest.xml:80:13-47
98            android:exported="false" >
98-->src\main\AndroidManifest.xml:81:13-37
99            <meta-data
99-->src\main\AndroidManifest.xml:24:13-26:36
100                android:name="android.app.lib_name"
100-->src\main\AndroidManifest.xml:25:17-52
101                android:value="" />
101-->src\main\AndroidManifest.xml:26:17-33
102        </activity>
103        <activity
103-->src\main\AndroidManifest.xml:86:9-92:20
104            android:name="com.example.loginregister.ClientRegisterActivity"
104-->src\main\AndroidManifest.xml:87:13-51
105            android:exported="false" >
105-->src\main\AndroidManifest.xml:88:13-37
106            <meta-data
106-->src\main\AndroidManifest.xml:24:13-26:36
107                android:name="android.app.lib_name"
107-->src\main\AndroidManifest.xml:25:17-52
108                android:value="" />
108-->src\main\AndroidManifest.xml:26:17-33
109        </activity>
110        <activity
110-->src\main\AndroidManifest.xml:93:9-100:20
111            android:name="com.example.loginregister.ClientLoginActivity"
111-->src\main\AndroidManifest.xml:94:13-48
112            android:exported="false"
112-->src\main\AndroidManifest.xml:95:13-37
113            android:parentActivityName="com.example.loginregister.MainActivity" >
113-->src\main\AndroidManifest.xml:96:13-55
114            <meta-data
114-->src\main\AndroidManifest.xml:24:13-26:36
115                android:name="android.app.lib_name"
115-->src\main\AndroidManifest.xml:25:17-52
116                android:value="" />
116-->src\main\AndroidManifest.xml:26:17-33
117        </activity>
118        <activity
118-->src\main\AndroidManifest.xml:101:9-108:20
119            android:name="com.example.loginregister.SitterProfile"
119-->src\main\AndroidManifest.xml:102:13-42
120            android:exported="false"
120-->src\main\AndroidManifest.xml:103:13-37
121            android:parentActivityName="com.example.loginregister.SitterMenuActivity" >
121-->src\main\AndroidManifest.xml:104:13-61
122            <meta-data
122-->src\main\AndroidManifest.xml:24:13-26:36
123                android:name="android.app.lib_name"
123-->src\main\AndroidManifest.xml:25:17-52
124                android:value="" />
124-->src\main\AndroidManifest.xml:26:17-33
125        </activity>
126        <activity
126-->src\main\AndroidManifest.xml:109:9-116:20
127            android:name="com.example.loginregister.SitterMenuActivity"
127-->src\main\AndroidManifest.xml:110:13-47
128            android:exported="false"
128-->src\main\AndroidManifest.xml:111:13-37
129            android:theme="@style/Theme.AppCompat.Light.NoActionBar" >
129-->src\main\AndroidManifest.xml:112:13-69
130            <meta-data
130-->src\main\AndroidManifest.xml:24:13-26:36
131                android:name="android.app.lib_name"
131-->src\main\AndroidManifest.xml:25:17-52
132                android:value="" />
132-->src\main\AndroidManifest.xml:26:17-33
133        </activity>
134        <activity
134-->src\main\AndroidManifest.xml:117:9-123:20
135            android:name="com.example.loginregister.SitterRegisterActivity"
135-->src\main\AndroidManifest.xml:118:13-51
136            android:exported="false" >
136-->src\main\AndroidManifest.xml:119:13-37
137            <meta-data
137-->src\main\AndroidManifest.xml:24:13-26:36
138                android:name="android.app.lib_name"
138-->src\main\AndroidManifest.xml:25:17-52
139                android:value="" />
139-->src\main\AndroidManifest.xml:26:17-33
140        </activity>
141        <activity
141-->src\main\AndroidManifest.xml:124:9-131:20
142            android:name="com.example.loginregister.SitterLoginActivity"
142-->src\main\AndroidManifest.xml:125:13-48
143            android:exported="false"
143-->src\main\AndroidManifest.xml:126:13-37
144            android:parentActivityName="com.example.loginregister.MainActivity" >
144-->src\main\AndroidManifest.xml:127:13-55
145            <meta-data
145-->src\main\AndroidManifest.xml:24:13-26:36
146                android:name="android.app.lib_name"
146-->src\main\AndroidManifest.xml:25:17-52
147                android:value="" />
147-->src\main\AndroidManifest.xml:26:17-33
148        </activity>
149        <activity
149-->src\main\AndroidManifest.xml:132:9-144:20
150            android:name="com.example.loginregister.MainActivity"
150-->src\main\AndroidManifest.xml:133:13-41
151            android:exported="true" >
151-->src\main\AndroidManifest.xml:134:13-36
152            <intent-filter>
152-->src\main\AndroidManifest.xml:135:13-139:29
153                <action android:name="android.intent.action.MAIN" />
153-->src\main\AndroidManifest.xml:136:17-69
153-->src\main\AndroidManifest.xml:136:25-66
154
155                <category android:name="android.intent.category.LAUNCHER" />
155-->src\main\AndroidManifest.xml:138:17-77
155-->src\main\AndroidManifest.xml:138:27-74
156            </intent-filter>
157
158            <meta-data
158-->src\main\AndroidManifest.xml:24:13-26:36
159                android:name="android.app.lib_name"
159-->src\main\AndroidManifest.xml:25:17-52
160                android:value="" />
160-->src\main\AndroidManifest.xml:26:17-33
161        </activity>
162        <activity
162-->[com.google.firebase:firebase-auth:21.1.0] AndroidManifest.xml:27:9-44:20
163            android:name="com.google.firebase.auth.internal.GenericIdpActivity"
163-->[com.google.firebase:firebase-auth:21.1.0] AndroidManifest.xml:28:13-80
164            android:excludeFromRecents="true"
164-->[com.google.firebase:firebase-auth:21.1.0] AndroidManifest.xml:29:13-46
165            android:exported="true"
165-->[com.google.firebase:firebase-auth:21.1.0] AndroidManifest.xml:30:13-36
166            android:launchMode="singleTask"
166-->[com.google.firebase:firebase-auth:21.1.0] AndroidManifest.xml:31:13-44
167            android:theme="@android:style/Theme.Translucent.NoTitleBar" >
167-->[com.google.firebase:firebase-auth:21.1.0] AndroidManifest.xml:32:13-72
168            <intent-filter>
168-->[com.google.firebase:firebase-auth:21.1.0] AndroidManifest.xml:33:13-43:29
169                <action android:name="android.intent.action.VIEW" />
169-->[com.google.firebase:firebase-auth:21.1.0] AndroidManifest.xml:34:17-69
169-->[com.google.firebase:firebase-auth:21.1.0] AndroidManifest.xml:34:25-66
170
171                <category android:name="android.intent.category.DEFAULT" />
171-->[com.google.firebase:firebase-auth:21.1.0] AndroidManifest.xml:36:17-76
171-->[com.google.firebase:firebase-auth:21.1.0] AndroidManifest.xml:36:27-73
172                <category android:name="android.intent.category.BROWSABLE" />
172-->[com.google.firebase:firebase-auth:21.1.0] AndroidManifest.xml:37:17-78
172-->[com.google.firebase:firebase-auth:21.1.0] AndroidManifest.xml:37:27-75
173
174                <data
174-->[com.google.firebase:firebase-auth:21.1.0] AndroidManifest.xml:39:17-42:51
175                    android:host="firebase.auth"
175-->[com.google.firebase:firebase-auth:21.1.0] AndroidManifest.xml:40:21-49
176                    android:path="/"
176-->[com.google.firebase:firebase-auth:21.1.0] AndroidManifest.xml:41:21-37
177                    android:scheme="genericidp" />
177-->[com.google.firebase:firebase-auth:21.1.0] AndroidManifest.xml:42:21-48
178            </intent-filter>
179        </activity>
180        <activity
180-->[com.google.firebase:firebase-auth:21.1.0] AndroidManifest.xml:45:9-62:20
181            android:name="com.google.firebase.auth.internal.RecaptchaActivity"
181-->[com.google.firebase:firebase-auth:21.1.0] AndroidManifest.xml:46:13-79
182            android:excludeFromRecents="true"
182-->[com.google.firebase:firebase-auth:21.1.0] AndroidManifest.xml:47:13-46
183            android:exported="true"
183-->[com.google.firebase:firebase-auth:21.1.0] AndroidManifest.xml:48:13-36
184            android:launchMode="singleTask"
184-->[com.google.firebase:firebase-auth:21.1.0] AndroidManifest.xml:49:13-44
185            android:theme="@android:style/Theme.Translucent.NoTitleBar" >
185-->[com.google.firebase:firebase-auth:21.1.0] AndroidManifest.xml:50:13-72
186            <intent-filter>
186-->[com.google.firebase:firebase-auth:21.1.0] AndroidManifest.xml:51:13-61:29
187                <action android:name="android.intent.action.VIEW" />
187-->[com.google.firebase:firebase-auth:21.1.0] AndroidManifest.xml:34:17-69
187-->[com.google.firebase:firebase-auth:21.1.0] AndroidManifest.xml:34:25-66
188
189                <category android:name="android.intent.category.DEFAULT" />
189-->[com.google.firebase:firebase-auth:21.1.0] AndroidManifest.xml:36:17-76
189-->[com.google.firebase:firebase-auth:21.1.0] AndroidManifest.xml:36:27-73
190                <category android:name="android.intent.category.BROWSABLE" />
190-->[com.google.firebase:firebase-auth:21.1.0] AndroidManifest.xml:37:17-78
190-->[com.google.firebase:firebase-auth:21.1.0] AndroidManifest.xml:37:27-75
191
192                <data
192-->[com.google.firebase:firebase-auth:21.1.0] AndroidManifest.xml:39:17-42:51
193                    android:host="firebase.auth"
193-->[com.google.firebase:firebase-auth:21.1.0] AndroidManifest.xml:40:21-49
194                    android:path="/"
194-->[com.google.firebase:firebase-auth:21.1.0] AndroidManifest.xml:41:21-37
195                    android:scheme="recaptcha" />
195-->[com.google.firebase:firebase-auth:21.1.0] AndroidManifest.xml:42:21-48
196            </intent-filter>
197        </activity>
198
199        <service
199-->[com.google.firebase:firebase-auth:21.1.0] AndroidManifest.xml:64:9-70:19
200            android:name="com.google.firebase.components.ComponentDiscoveryService"
200-->[com.google.firebase:firebase-auth:21.1.0] AndroidManifest.xml:65:13-84
201            android:directBootAware="true"
201-->[com.google.firebase:firebase-common:20.2.0] AndroidManifest.xml:34:13-43
202            android:exported="false" >
202-->[com.google.firebase:firebase-auth:21.1.0] AndroidManifest.xml:66:13-37
203            <meta-data
203-->[com.google.firebase:firebase-auth:21.1.0] AndroidManifest.xml:67:13-69:85
204                android:name="com.google.firebase.components:com.google.firebase.auth.FirebaseAuthRegistrar"
204-->[com.google.firebase:firebase-auth:21.1.0] AndroidManifest.xml:68:17-109
205                android:value="com.google.firebase.components.ComponentRegistrar" />
205-->[com.google.firebase:firebase-auth:21.1.0] AndroidManifest.xml:69:17-82
206            <meta-data
206-->[com.google.firebase:firebase-database:20.1.0] AndroidManifest.xml:31:13-33:85
207                android:name="com.google.firebase.components:com.google.firebase.database.DatabaseRegistrar"
207-->[com.google.firebase:firebase-database:20.1.0] AndroidManifest.xml:32:17-109
208                android:value="com.google.firebase.components.ComponentRegistrar" />
208-->[com.google.firebase:firebase-database:20.1.0] AndroidManifest.xml:33:17-82
209            <meta-data
209-->[com.google.firebase:firebase-storage:20.1.0] AndroidManifest.xml:32:13-34:85
210                android:name="com.google.firebase.components:com.google.firebase.storage.StorageRegistrar"
210-->[com.google.firebase:firebase-storage:20.1.0] AndroidManifest.xml:33:17-107
211                android:value="com.google.firebase.components.ComponentRegistrar" />
211-->[com.google.firebase:firebase-storage:20.1.0] AndroidManifest.xml:34:17-82
212            <meta-data
212-->[com.google.firebase:firebase-firestore:24.4.1] AndroidManifest.xml:19:13-21:85
213                android:name="com.google.firebase.components:com.google.firebase.firestore.FirestoreRegistrar"
213-->[com.google.firebase:firebase-firestore:24.4.1] AndroidManifest.xml:20:17-111
214                android:value="com.google.firebase.components.ComponentRegistrar" />
214-->[com.google.firebase:firebase-firestore:24.4.1] AndroidManifest.xml:21:17-82
215        </service> <!-- Needs to be explicitly declared on P+ -->
216        <uses-library
216-->[com.google.android.gms:play-services-maps:18.1.0] AndroidManifest.xml:39:9-41:40
217            android:name="org.apache.http.legacy"
217-->[com.google.android.gms:play-services-maps:18.1.0] AndroidManifest.xml:40:13-50
218            android:required="false" />
218-->[com.google.android.gms:play-services-maps:18.1.0] AndroidManifest.xml:41:13-37
219
220        <provider
220-->[com.squareup.picasso:picasso:2.71828] AndroidManifest.xml:8:9-11:40
221            android:name="com.squareup.picasso.PicassoProvider"
221-->[com.squareup.picasso:picasso:2.71828] AndroidManifest.xml:9:13-64
222            android:authorities="com.example.loginregister.com.squareup.picasso"
222-->[com.squareup.picasso:picasso:2.71828] AndroidManifest.xml:10:13-72
223            android:exported="false" />
223-->[com.squareup.picasso:picasso:2.71828] AndroidManifest.xml:11:13-37
224        <provider
224-->[com.google.firebase:firebase-common:20.2.0] AndroidManifest.xml:25:9-30:39
225            android:name="com.google.firebase.provider.FirebaseInitProvider"
225-->[com.google.firebase:firebase-common:20.2.0] AndroidManifest.xml:26:13-77
226            android:authorities="com.example.loginregister.firebaseinitprovider"
226-->[com.google.firebase:firebase-common:20.2.0] AndroidManifest.xml:27:13-72
227            android:directBootAware="true"
227-->[com.google.firebase:firebase-common:20.2.0] AndroidManifest.xml:28:13-43
228            android:exported="false"
228-->[com.google.firebase:firebase-common:20.2.0] AndroidManifest.xml:29:13-37
229            android:initOrder="100" />
229-->[com.google.firebase:firebase-common:20.2.0] AndroidManifest.xml:30:13-36
230
231        <activity
231-->[com.google.android.gms:play-services-base:18.1.0] AndroidManifest.xml:20:9-22:45
232            android:name="com.google.android.gms.common.api.GoogleApiActivity"
232-->[com.google.android.gms:play-services-base:18.1.0] AndroidManifest.xml:20:19-85
233            android:exported="false"
233-->[com.google.android.gms:play-services-base:18.1.0] AndroidManifest.xml:22:19-43
234            android:theme="@android:style/Theme.Translucent.NoTitleBar" />
234-->[com.google.android.gms:play-services-base:18.1.0] AndroidManifest.xml:21:19-78
235
236        <meta-data
236-->[com.google.android.gms:play-services-basement:18.1.0] AndroidManifest.xml:21:9-23:69
237            android:name="com.google.android.gms.version"
237-->[com.google.android.gms:play-services-basement:18.1.0] AndroidManifest.xml:22:13-58
238            android:value="@integer/google_play_services_version" />
238-->[com.google.android.gms:play-services-basement:18.1.0] AndroidManifest.xml:23:13-66
239
240        <provider
240-->[androidx.emoji2:emoji2:1.0.0] AndroidManifest.xml:26:9-34:20
241            android:name="androidx.startup.InitializationProvider"
241-->[androidx.emoji2:emoji2:1.0.0] AndroidManifest.xml:27:13-67
242            android:authorities="com.example.loginregister.androidx-startup"
242-->[androidx.emoji2:emoji2:1.0.0] AndroidManifest.xml:28:13-68
243            android:exported="false" >
243-->[androidx.emoji2:emoji2:1.0.0] AndroidManifest.xml:29:13-37
244            <meta-data
244-->[androidx.emoji2:emoji2:1.0.0] AndroidManifest.xml:31:13-33:52
245                android:name="androidx.emoji2.text.EmojiCompatInitializer"
245-->[androidx.emoji2:emoji2:1.0.0] AndroidManifest.xml:32:17-75
246                android:value="androidx.startup" />
246-->[androidx.emoji2:emoji2:1.0.0] AndroidManifest.xml:33:17-49
247            <meta-data
247-->[androidx.lifecycle:lifecycle-process:2.4.0] AndroidManifest.xml:31:13-33:52
248                android:name="androidx.lifecycle.ProcessLifecycleInitializer"
248-->[androidx.lifecycle:lifecycle-process:2.4.0] AndroidManifest.xml:32:17-78
249                android:value="androidx.startup" />
249-->[androidx.lifecycle:lifecycle-process:2.4.0] AndroidManifest.xml:33:17-49
250        </provider>
251    </application>
252
253</manifest>